  Enemies.cpp
C:\Program Files\Microsoft Visual Studio\2022\Community\VC\Tools\MSVC\14.38.33130\include\filesystem(12): warning STL4038: The contents of <filesystem> are available only with C++17 or later.
  Entity.cpp
C:\Users\gangs\Desktop\School Works\Homework\Freshman Year\Game Programming\GavinB-2024-Spring\Module_6_225_fileIO\MazeGame_WithDebug\GameObject.h(42,42): error C7525: inline variables require at least '/std:c++17'
  (compiling source file 'Enemies.cpp')
  
C:\Users\gangs\Desktop\School Works\Homework\Freshman Year\Game Programming\GavinB-2024-Spring\Module_6_225_fileIO\MazeGame_WithDebug\GameObject.h(42,42): error C7525: inline variables require at least '/std:c++17'
  (compiling source file 'Entity.cpp')
  
C:\Program Files\Microsoft Visual Studio\2022\Community\VC\Tools\MSVC\14.38.33130\include\filesystem(12): warning STL4038: The contents of <filesystem> are available only with C++17 or later.
  GameObject.cpp
C:\Users\gangs\Desktop\School Works\Homework\Freshman Year\Game Programming\GavinB-2024-Spring\Module_6_225_fileIO\MazeGame_WithDebug\GameObject.h(42,42): error C7525: inline variables require at least '/std:c++17'
  (compiling source file 'GameObject.cpp')
  
C:\Program Files\Microsoft Visual Studio\2022\Community\VC\Tools\MSVC\14.38.33130\include\filesystem(12): warning STL4038: The contents of <filesystem> are available only with C++17 or later.
  GameObjectsRegistrar.cpp
C:\Users\gangs\Desktop\School Works\Homework\Freshman Year\Game Programming\GavinB-2024-Spring\Module_6_225_fileIO\MazeGame_WithDebug\GameObject.h(42,42): error C7525: inline variables require at least '/std:c++17'
  (compiling source file 'GameObjectsRegistrar.cpp')
  
C:\Users\gangs\Desktop\School Works\Homework\Freshman Year\Game Programming\GavinB-2024-Spring\Module_6_225_fileIO\MazeGame_WithDebug\GameObjectFactory.h(33,14): error C2039: 'unordered_map': is not a member of 'std'
  (compiling source file 'GameObjectsRegistrar.cpp')
  C:\Program Files\Microsoft Visual Studio\2022\Community\VC\Tools\MSVC\14.38.33130\include\iostream(18,1):
  see declaration of 'std'
  
C:\Users\gangs\Desktop\School Works\Homework\Freshman Year\Game Programming\GavinB-2024-Spring\Module_6_225_fileIO\MazeGame_WithDebug\GameObjectFactory.h(33,27): error C2143: syntax error: missing ';' before '<'
  (compiling source file 'GameObjectsRegistrar.cpp')
  
C:\Users\gangs\Desktop\School Works\Homework\Freshman Year\Game Programming\GavinB-2024-Spring\Module_6_225_fileIO\MazeGame_WithDebug\GameObjectFactory.h(33,27): error C4430: missing type specifier - int assumed. Note: C++ does not support default-int
  (compiling source file 'GameObjectsRegistrar.cpp')
  
C:\Users\gangs\Desktop\School Works\Homework\Freshman Year\Game Programming\GavinB-2024-Spring\Module_6_225_fileIO\MazeGame_WithDebug\GameObjectFactory.h(34,2): error C2334: unexpected token(s) preceding '{'; skipping apparent function body
  (compiling source file 'GameObjectsRegistrar.cpp')
  
C:\Users\gangs\Desktop\School Works\Homework\Freshman Year\Game Programming\GavinB-2024-Spring\Module_6_225_fileIO\MazeGame_WithDebug\GameObjectFactory.h(26,4): error C3861: 'GetFactoryFunctionRegister': identifier not found
  (compiling source file 'GameObjectsRegistrar.cpp')
  C:\Users\gangs\Desktop\School Works\Homework\Freshman Year\Game Programming\GavinB-2024-Spring\Module_6_225_fileIO\MazeGame_WithDebug\GameObjectFactory.h(26,30):
  'GetFactoryFunctionRegister': function declaration must be available as none of the arguments depend on a template parameter
  
C:\Users\gangs\Desktop\School Works\Homework\Freshman Year\Game Programming\GavinB-2024-Spring\Module_6_225_fileIO\MazeGame_WithDebug\GameObjectFactory.h(14,13): error C3861: 'GetFactoryFunctionRegister': identifier not found
  (compiling source file 'GameObjectsRegistrar.cpp')
  
C:\Users\gangs\Desktop\School Works\Homework\Freshman Year\Game Programming\GavinB-2024-Spring\Module_6_225_fileIO\MazeGame_WithDebug\GameObjectFactory.h(15,7): error C3536: 'it': cannot be used before it is initialized
  (compiling source file 'GameObjectsRegistrar.cpp')
  
C:\Users\gangs\Desktop\School Works\Homework\Freshman Year\Game Programming\GavinB-2024-Spring\Module_6_225_fileIO\MazeGame_WithDebug\GameObjectFactory.h(15,13): error C3861: 'GetFactoryFunctionRegister': identifier not found
  (compiling source file 'GameObjectsRegistrar.cpp')
  
  Main.cpp
C:\Users\gangs\Desktop\School Works\Homework\Freshman Year\Game Programming\GavinB-2024-Spring\Module_6_225_fileIO\MazeGame_WithDebug\GameObject.h(42,42): error C7525: inline variables require at least '/std:c++17'
  (compiling source file 'Main.cpp')
  
C:\Program Files\Microsoft Visual Studio\2022\Community\VC\Tools\MSVC\14.38.33130\include\filesystem(12): warning STL4038: The contents of <filesystem> are available only with C++17 or later.
  Map.cpp
C:\Program Files\Microsoft Visual Studio\2022\Community\VC\Tools\MSVC\14.38.33130\include\filesystem(12): warning STL4038: The contents of <filesystem> are available only with C++17 or later.
C:\Users\gangs\Desktop\School Works\Homework\Freshman Year\Game Programming\GavinB-2024-Spring\Module_6_225_fileIO\MazeGame_WithDebug\GameObject.h(42,42): error C7525: inline variables require at least '/std:c++17'
  (compiling source file 'Map.cpp')
  
C:\Users\gangs\Desktop\School Works\Homework\Freshman Year\Game Programming\GavinB-2024-Spring\Module_6_225_fileIO\MazeGame_WithDebug\GameObjectFactory.h(33,14): error C2039: 'unordered_map': is not a member of 'std'
  (compiling source file 'Map.cpp')
  C:\Program Files\Microsoft Visual Studio\2022\Community\VC\Tools\MSVC\14.38.33130\include\fstream(20,1):
  see declaration of 'std'
  
C:\Users\gangs\Desktop\School Works\Homework\Freshman Year\Game Programming\GavinB-2024-Spring\Module_6_225_fileIO\MazeGame_WithDebug\GameObjectFactory.h(33,27): error C2143: syntax error: missing ';' before '<'
  (compiling source file 'Map.cpp')
  
C:\Users\gangs\Desktop\School Works\Homework\Freshman Year\Game Programming\GavinB-2024-Spring\Module_6_225_fileIO\MazeGame_WithDebug\GameObjectFactory.h(33,27): error C4430: missing type specifier - int assumed. Note: C++ does not support default-int
  (compiling source file 'Map.cpp')
  
C:\Users\gangs\Desktop\School Works\Homework\Freshman Year\Game Programming\GavinB-2024-Spring\Module_6_225_fileIO\MazeGame_WithDebug\GameObjectFactory.h(34,2): error C2334: unexpected token(s) preceding '{'; skipping apparent function body
  (compiling source file 'Map.cpp')
  
C:\Users\gangs\Desktop\School Works\Homework\Freshman Year\Game Programming\GavinB-2024-Spring\Module_6_225_fileIO\MazeGame_WithDebug\GameObjectFactory.h(26,4): error C3861: 'GetFactoryFunctionRegister': identifier not found
  (compiling source file 'Map.cpp')
  C:\Users\gangs\Desktop\School Works\Homework\Freshman Year\Game Programming\GavinB-2024-Spring\Module_6_225_fileIO\MazeGame_WithDebug\GameObjectFactory.h(26,30):
  'GetFactoryFunctionRegister': function declaration must be available as none of the arguments depend on a template parameter
  
C:\Users\gangs\Desktop\School Works\Homework\Freshman Year\Game Programming\GavinB-2024-Spring\Module_6_225_fileIO\MazeGame_WithDebug\GameObjectFactory.h(14,13): error C3861: 'GetFactoryFunctionRegister': identifier not found
  (compiling source file 'Map.cpp')
  
C:\Users\gangs\Desktop\School Works\Homework\Freshman Year\Game Programming\GavinB-2024-Spring\Module_6_225_fileIO\MazeGame_WithDebug\GameObjectFactory.h(15,7): error C3536: 'it': cannot be used before it is initialized
  (compiling source file 'Map.cpp')
  
C:\Users\gangs\Desktop\School Works\Homework\Freshman Year\Game Programming\GavinB-2024-Spring\Module_6_225_fileIO\MazeGame_WithDebug\GameObjectFactory.h(15,13): error C3861: 'GetFactoryFunctionRegister': identifier not found
  (compiling source file 'Map.cpp')
  
C:\Users\gangs\Desktop\School Works\Homework\Freshman Year\Game Programming\GavinB-2024-Spring\Module_6_225_fileIO\MazeGame_WithDebug\Map.cpp(62,21): error C3083: 'filesystem': the symbol to the left of a '::' must be a type
C:\Users\gangs\Desktop\School Works\Homework\Freshman Year\Game Programming\GavinB-2024-Spring\Module_6_225_fileIO\MazeGame_WithDebug\Map.cpp(62,33): error C2039: 'file_size': is not a member of 'std'
  C:\Program Files\Microsoft Visual Studio\2022\Community\VC\Tools\MSVC\14.38.33130\include\fstream(20,1):
  see declaration of 'std'
  
C:\Users\gangs\Desktop\School Works\Homework\Freshman Year\Game Programming\GavinB-2024-Spring\Module_6_225_fileIO\MazeGame_WithDebug\Map.cpp(62,33): error C3861: 'file_size': identifier not found
C:\Users\gangs\Desktop\School Works\Homework\Freshman Year\Game Programming\GavinB-2024-Spring\Module_6_225_fileIO\MazeGame_WithDebug\Map.cpp(92,5): warning C5051: attribute [[fallthrough]] requires at least '/std:c++17'; ignored
C:\Users\gangs\Desktop\School Works\Homework\Freshman Year\Game Programming\GavinB-2024-Spring\Module_6_225_fileIO\MazeGame_WithDebug\Map.cpp(95,5): warning C5051: attribute [[fallthrough]] requires at least '/std:c++17'; ignored
C:\Users\gangs\Desktop\School Works\Homework\Freshman Year\Game Programming\GavinB-2024-Spring\Module_6_225_fileIO\MazeGame_WithDebug\Map.cpp(202,22): error C2039: 'clamp': is not a member of 'std'
  C:\Program Files\Microsoft Visual Studio\2022\Community\VC\Tools\MSVC\14.38.33130\include\fstream(20,1):
  see declaration of 'std'
  
C:\Users\gangs\Desktop\School Works\Homework\Freshman Year\Game Programming\GavinB-2024-Spring\Module_6_225_fileIO\MazeGame_WithDebug\Map.cpp(202,22): error C3861: 'clamp': identifier not found
C:\Users\gangs\Desktop\School Works\Homework\Freshman Year\Game Programming\GavinB-2024-Spring\Module_6_225_fileIO\MazeGame_WithDebug\Map.cpp(203,22): error C2039: 'clamp': is not a member of 'std'
  C:\Program Files\Microsoft Visual Studio\2022\Community\VC\Tools\MSVC\14.38.33130\include\fstream(20,1):
  see declaration of 'std'
  
C:\Users\gangs\Desktop\School Works\Homework\Freshman Year\Game Programming\GavinB-2024-Spring\Module_6_225_fileIO\MazeGame_WithDebug\Map.cpp(203,22): error C3861: 'clamp': identifier not found
  MapTiles.cpp
C:\Users\gangs\Desktop\School Works\Homework\Freshman Year\Game Programming\GavinB-2024-Spring\Module_6_225_fileIO\MazeGame_WithDebug\GameObject.h(42,42): error C7525: inline variables require at least '/std:c++17'
  (compiling source file 'MapTiles.cpp')
  
C:\Program Files\Microsoft Visual Studio\2022\Community\VC\Tools\MSVC\14.38.33130\include\filesystem(12): warning STL4038: The contents of <filesystem> are available only with C++17 or later.
  MazeGame.cpp
C:\Program Files\Microsoft Visual Studio\2022\Community\VC\Tools\MSVC\14.38.33130\include\filesystem(12): warning STL4038: The contents of <filesystem> are available only with C++17 or later.
C:\Users\gangs\Desktop\School Works\Homework\Freshman Year\Game Programming\GavinB-2024-Spring\Module_6_225_fileIO\MazeGame_WithDebug\GameObject.h(42,42): error C7525: inline variables require at least '/std:c++17'
  (compiling source file 'MazeGame.cpp')
  
  Player.cpp
C:\Users\gangs\Desktop\School Works\Homework\Freshman Year\Game Programming\GavinB-2024-Spring\Module_6_225_fileIO\MazeGame_WithDebug\GameObject.h(42,42): error C7525: inline variables require at least '/std:c++17'
  (compiling source file 'Player.cpp')
  
C:\Program Files\Microsoft Visual Studio\2022\Community\VC\Tools\MSVC\14.38.33130\include\filesystem(12): warning STL4038: The contents of <filesystem> are available only with C++17 or later.
